running script .inner_tools/git_push...
$0:.inner_tools/git_push
$1:/Users/samingzhong/.my_syn_tools
exit_if_target_dir_not_exit...
--------------- ⏫⏫⏫⏫⏫ 目标仓库：/Users/samingzhong/.my_syn_tools ⏫⏫⏫⏫⏫ ----------------
--------------- ⏫⏫⏫⏫⏫ push 开始执行[2022-08-16 14:18:24] ⏫⏫⏫⏫⏫ ----------------
当前目录:/Users/samingzhong/.my_syn_tools
fatal: No pathspec was given. Which files should I remove?
[master a623e0e] 自动同步(push)[at 2022-08-16 14:18:24]
 2 files changed, 8 insertions(+), 3 deletions(-)
 create mode 100644 .syn.log
fatal: No configured push destination.
Either specify the URL from the command-line or configure a remote repository using

    git remote add <name> <url>

and then push using the remote name

    git push <name>

--------------- ⏫⏫⏫⏫⏫ 目标仓库：/Users/samingzhong/.my_syn_tools ⏫⏫⏫⏫⏫ ----------------
--------------- ⏫⏫⏫⏫⏫ push 执行结束时间[2022-08-16 14:18:24] ⏫⏫⏫⏫⏫ ----------------

running script .inner_tools/git_push...
$0:.inner_tools/git_push
$1:/Users/samingzhong/.my_syn_tools
exit_if_target_dir_not_exit...
--------------- ⏫⏫⏫⏫⏫ 目标仓库：/Users/samingzhong/.my_syn_tools ⏫⏫⏫⏫⏫ ----------------
--------------- ⏫⏫⏫⏫⏫ push 开始执行[2022-08-16 14:19:03] ⏫⏫⏫⏫⏫ ----------------
当前目录:/Users/samingzhong/.my_syn_tools
fatal: No pathspec was given. Which files should I remove?
[master 1729c46] 自动同步(push)[at 2022-08-16 14:19:03]
 1 file changed, 7 insertions(+)
fatal: The current branch master has no upstream branch.
To push the current branch and set the remote as upstream, use

    git push --set-upstream origin master

--------------- ⏫⏫⏫⏫⏫ 目标仓库：/Users/samingzhong/.my_syn_tools ⏫⏫⏫⏫⏫ ----------------
--------------- ⏫⏫⏫⏫⏫ push 执行结束时间[2022-08-16 14:19:03] ⏫⏫⏫⏫⏫ ----------------

